<?xml version="1.0" encoding="UTF-8"?>
<testsuite name="hello.core.beandefinition.BeanDefinitionTest" tests="1" skipped="0" failures="0" errors="0" timestamp="2021-06-30T07:20:03" hostname="atlasui-Macmini.local" time="0.034">
  <properties/>
  <testcase name="빈 설정 메타정보 확인" classname="hello.core.beandefinition.BeanDefinitionTest" time="0.034"/>
  <system-out><![CDATA[16:20:03.335 [Test worker] DEBUG org.springframework.beans.factory.xml.XmlBeanDefinitionReader - Loaded 4 bean definitions from class path resource [appConfig.xml]
16:20:03.341 [Test worker] DEBUG org.springframework.context.support.GenericXmlApplicationContext - Refreshing org.springframework.context.support.GenericXmlApplicationContext@1e3fd8b9
16:20:03.368 [Test worker] DEBUG org.springframework.beans.factory.support.DefaultListableBeanFactory - Creating shared instance of singleton bean 'memberService'
16:20:03.378 [Test worker] DEBUG org.springframework.beans.factory.support.DefaultListableBeanFactory - Creating shared instance of singleton bean 'memberRepository'
16:20:03.386 [Test worker] DEBUG org.springframework.beans.factory.support.DefaultListableBeanFactory - Creating shared instance of singleton bean 'orderService'
16:20:03.386 [Test worker] DEBUG org.springframework.beans.factory.support.DefaultListableBeanFactory - Creating shared instance of singleton bean 'discountPolicy'
beanDefinitionNamememberService beanDefinition = Generic bean: class [hello.core.member.MemberServiceImpl]; scope=; abstract=false; lazyInit=false; autowireMode=0; dependencyCheck=0; autowireCandidate=true; primary=false; factoryBeanName=null; factoryMethodName=null; initMethodName=null; destroyMethodName=null; defined in class path resource [appConfig.xml]
beanDefinitionNamememberRepository beanDefinition = Generic bean: class [hello.core.member.MemoryMemberRepository]; scope=; abstract=false; lazyInit=false; autowireMode=0; dependencyCheck=0; autowireCandidate=true; primary=false; factoryBeanName=null; factoryMethodName=null; initMethodName=null; destroyMethodName=null; defined in class path resource [appConfig.xml]
beanDefinitionNameorderService beanDefinition = Generic bean: class [hello.core.order.OrderServiceImpl]; scope=; abstract=false; lazyInit=false; autowireMode=0; dependencyCheck=0; autowireCandidate=true; primary=false; factoryBeanName=null; factoryMethodName=null; initMethodName=null; destroyMethodName=null; defined in class path resource [appConfig.xml]
beanDefinitionNamediscountPolicy beanDefinition = Generic bean: class [hello.core.discount.RateDiscountPolicy]; scope=; abstract=false; lazyInit=false; autowireMode=0; dependencyCheck=0; autowireCandidate=true; primary=false; factoryBeanName=null; factoryMethodName=null; initMethodName=null; destroyMethodName=null; defined in class path resource [appConfig.xml]
]]></system-out>
  <system-err><![CDATA[]]></system-err>
</testsuite>
